DEPRECATION WARNING: Using a dynamic :controller segment in a route is deprecated and will be removed in Rails 5.2. (called from block in <top (required)> at /home/parakh/rails/grievance/config/routes.rb:5)
DEPRECATION WARNING: Using a dynamic :action segment in a route is deprecated and will be removed in Rails 5.2. (called from block in <top (required)> at /home/parakh/rails/grievance/config/routes.rb:5)
  [1m[36mUser Load (0.4ms)[0m  [1m[34mSELECT "users".* FROM "users"[0m
DEPRECATION WARNING: Using a dynamic :controller segment in a route is deprecated and will be removed in Rails 5.2. (called from block in <top (required)> at /home/parakh/rails/grievance/config/routes.rb:5)
DEPRECATION WARNING: Using a dynamic :action segment in a route is deprecated and will be removed in Rails 5.2. (called from block in <top (required)> at /home/parakh/rails/grievance/config/routes.rb:5)
  [1m[35m (101.8ms)[0m  [1m[35mCREATE TABLE "schema_migrations" ("version" character varying PRIMARY KEY)[0m
  [1m[35m (81.5ms)[0m  [1m[35mCREATE TABLE "ar_internal_metadata" ("key" character varying PRIMARY KEY, "value" character varying, "created_at" timestamp NOT NULL, "updated_at" timestamp NOT NULL)[0m
  [1m[35m (0.5ms)[0m  [1m[34mSELECT pg_try_advisory_lock(172529728443564555);[0m
  [1m[36mActiveRecord::SchemaMigration Load (0.8ms)[0m  [1m[34mSELECT "schema_migrations".* FROM "schema_migrations"[0m
Migrating to CreateUsers (20170322202232)
  [1m[35m (0.3ms)[0m  [1m[35mBEGIN[0m
  [1m[35m (78.3ms)[0m  [1m[35mCREATE TABLE "users" ("id" serial primary key, "name" character varying, "contact" integer, "email" character varying, "phone_no_verified" boolean, "aadhar_verified" boolean, "created_at" timestamp NOT NULL, "updated_at" timestamp NOT NULL)[0m
  [1m[35mSQL (1.2ms)[0m  [1m[32mINSERT INTO "schema_migrations" ("version") VALUES ($1) RETURNING "version"[0m  [["version", "20170322202232"]]
  [1m[35m (19.5ms)[0m  [1m[35mCOMMIT[0m
Migrating to CreateAdminUsers (20170322202730)
  [1m[35m (0.3ms)[0m  [1m[35mBEGIN[0m
  [1m[35m (68.3ms)[0m  [1m[35mCREATE TABLE "admin_users" ("id" serial primary key, "name" character varying, "email" character varying, "phone" integer, "access_level" character varying, "municipality_id" integer, "created_at" timestamp NOT NULL, "updated_at" timestamp NOT NULL)[0m
  [1m[35mSQL (0.2ms)[0m  [1m[32mINSERT INTO "schema_migrations" ("version") VALUES ($1) RETURNING "version"[0m  [["version", "20170322202730"]]
  [1m[35m (16.0ms)[0m  [1m[35mCOMMIT[0m
Migrating to AddPasswordDigestToUsers (20170322203206)
  [1m[35m (0.2ms)[0m  [1m[35mBEGIN[0m
  [1m[35m (0.4ms)[0m  [1m[35mALTER TABLE "users" ADD "password_digest" character varying[0m
  [1m[35mSQL (0.2ms)[0m  [1m[32mINSERT INTO "schema_migrations" ("version") VALUES ($1) RETURNING "version"[0m  [["version", "20170322203206"]]
  [1m[35m (8.2ms)[0m  [1m[35mCOMMIT[0m
Migrating to AddPasswordDigestToAdminUsers (20170322203412)
  [1m[35m (0.1ms)[0m  [1m[35mBEGIN[0m
  [1m[35m (0.3ms)[0m  [1m[35mALTER TABLE "admin_users" ADD "password_digest" character varying[0m
  [1m[35mSQL (0.3ms)[0m  [1m[32mINSERT INTO "schema_migrations" ("version") VALUES ($1) RETURNING "version"[0m  [["version", "20170322203412"]]
  [1m[35m (8.2ms)[0m  [1m[35mCOMMIT[0m
Migrating to CreateMunicipalOffices (20170322204023)
  [1m[35m (0.1ms)[0m  [1m[35mBEGIN[0m
  [1m[35m (70.9ms)[0m  [1m[35mCREATE TABLE "municipal_offices" ("id" serial primary key, "state" character varying, "district" character varying, "created_at" timestamp NOT NULL, "updated_at" timestamp NOT NULL)[0m
  [1m[35mSQL (0.6ms)[0m  [1m[32mINSERT INTO "schema_migrations" ("version") VALUES ($1) RETURNING "version"[0m  [["version", "20170322204023"]]
  [1m[35m (13.7ms)[0m  [1m[35mCOMMIT[0m
Migrating to CreateComplaintUpdates (20170322205658)
  [1m[35m (0.4ms)[0m  [1m[35mBEGIN[0m
  [1m[35m (80.7ms)[0m  [1m[35mCREATE TABLE "complaint_updates" ("id" serial primary key, "complaint_id" integer, "assigned_to" integer, "notes" text, "created_at" timestamp NOT NULL, "updated_at" timestamp NOT NULL)[0m
  [1m[35m (37.9ms)[0m  [1m[35mCREATE  INDEX  "index_complaint_updates_on_complaint_id" ON "complaint_updates"  ("complaint_id")[0m
  [1m[35m (31.0ms)[0m  [1m[35mCREATE  INDEX  "index_complaint_updates_on_assigned_to" ON "complaint_updates"  ("assigned_to")[0m
  [1m[35mSQL (1.1ms)[0m  [1m[32mINSERT INTO "schema_migrations" ("version") VALUES ($1) RETURNING "version"[0m  [["version", "20170322205658"]]
  [1m[35m (9.4ms)[0m  [1m[35mCOMMIT[0m
Migrating to CreateComplaints (20170323172752)
  [1m[35m (0.4ms)[0m  [1m[35mBEGIN[0m
  [1m[35m (71.6ms)[0m  [1m[35mCREATE TABLE "complaints" ("id" serial primary key, "subject" character varying, "description" text, "image" text, "latitude" decimal, "longitude" decimal, "city" character varying, "state" character varying, "pincode" integer, "created_at" timestamp NOT NULL, "updated_at" timestamp NOT NULL)[0m
  [1m[35mSQL (0.7ms)[0m  [1m[32mINSERT INTO "schema_migrations" ("version") VALUES ($1) RETURNING "version"[0m  [["version", "20170323172752"]]
  [1m[35m (10.1ms)[0m  [1m[35mCOMMIT[0m
Migrating to AddUserIdToComplaints (20170323181812)
  [1m[35m (0.3ms)[0m  [1m[35mBEGIN[0m
  [1m[35m (0.7ms)[0m  [1m[35mALTER TABLE "complaints" ADD "user_id" integer[0m
  [1m[35mSQL (0.6ms)[0m  [1m[32mINSERT INTO "schema_migrations" ("version") VALUES ($1) RETURNING "version"[0m  [["version", "20170323181812"]]
  [1m[35m (4.5ms)[0m  [1m[35mCOMMIT[0m
Migrating to AddStatusToComplaints (20170323182056)
  [1m[35m (0.3ms)[0m  [1m[35mBEGIN[0m
  [1m[35m (0.5ms)[0m  [1m[35mALTER TABLE "complaints" ADD "status" character varying[0m
  [1m[35mSQL (0.4ms)[0m  [1m[32mINSERT INTO "schema_migrations" ("version") VALUES ($1) RETURNING "version"[0m  [["version", "20170323182056"]]
  [1m[35m (5.3ms)[0m  [1m[35mCOMMIT[0m
Migrating to AddPriorityToComplaints (20170323182126)
  [1m[35m (0.2ms)[0m  [1m[35mBEGIN[0m
  [1m[35m (0.5ms)[0m  [1m[35mALTER TABLE "complaints" ADD "priority" character varying[0m
  [1m[35mSQL (0.3ms)[0m  [1m[32mINSERT INTO "schema_migrations" ("version") VALUES ($1) RETURNING "version"[0m  [["version", "20170323182126"]]
  [1m[35m (6.6ms)[0m  [1m[35mCOMMIT[0m
Migrating to CreateApiKeys (20170323182603)
  [1m[35m (0.1ms)[0m  [1m[35mBEGIN[0m
  [1m[35m (74.7ms)[0m  [1m[35mCREATE TABLE "api_keys" ("id" serial primary key, "secret_key" character varying, "user_id" integer, "created_at" timestamp NOT NULL, "updated_at" timestamp NOT NULL)[0m
  [1m[35mSQL (0.7ms)[0m  [1m[32mINSERT INTO "schema_migrations" ("version") VALUES ($1) RETURNING "version"[0m  [["version", "20170323182603"]]
  [1m[35m (9.1ms)[0m  [1m[35mCOMMIT[0m
Migrating to AddUserTokenToComplaints (20170323211320)
  [1m[35m (0.4ms)[0m  [1m[35mBEGIN[0m
  [1m[35m (0.8ms)[0m  [1m[35mALTER TABLE "complaints" ADD "user_token" character varying[0m
  [1m[35mSQL (0.5ms)[0m  [1m[32mINSERT INTO "schema_migrations" ("version") VALUES ($1) RETURNING "version"[0m  [["version", "20170323211320"]]
  [1m[35m (3.9ms)[0m  [1m[35mCOMMIT[0m
Migrating to AddUserTypeToComplaints (20170323211523)
  [1m[35m (0.3ms)[0m  [1m[35mBEGIN[0m
  [1m[35m (1.0ms)[0m  [1m[35mALTER TABLE "complaints" ADD "user_type" character varying[0m
  [1m[35mSQL (0.7ms)[0m  [1m[32mINSERT INTO "schema_migrations" ("version") VALUES ($1) RETURNING "version"[0m  [["version", "20170323211523"]]
  [1m[35m (14.1ms)[0m  [1m[35mCOMMIT[0m
Migrating to DropUserTokenFromComplaints (20170324081859)
  [1m[35m (0.3ms)[0m  [1m[35mBEGIN[0m
  [1m[35m (1.2ms)[0m  [1m[35mALTER TABLE "complaints" DROP "user_token"[0m
  [1m[35m (0.7ms)[0m  [1m[35mALTER TABLE "complaints" DROP "user_type"[0m
  [1m[35mSQL (0.6ms)[0m  [1m[32mINSERT INTO "schema_migrations" ("version") VALUES ($1) RETURNING "version"[0m  [["version", "20170324081859"]]
  [1m[35m (14.0ms)[0m  [1m[35mCOMMIT[0m
Migrating to AddUserTokenToApiKeys (20170324082032)
  [1m[35m (0.2ms)[0m  [1m[35mBEGIN[0m
  [1m[35m (0.6ms)[0m  [1m[35mALTER TABLE "api_keys" ADD "user_token" character varying[0m
  [1m[35mSQL (0.5ms)[0m  [1m[32mINSERT INTO "schema_migrations" ("version") VALUES ($1) RETURNING "version"[0m  [["version", "20170324082032"]]
  [1m[35m (6.1ms)[0m  [1m[35mCOMMIT[0m
Migrating to AddUserTypeToApiKeys (20170324082049)
  [1m[35m (0.2ms)[0m  [1m[35mBEGIN[0m
  [1m[35m (0.5ms)[0m  [1m[35mALTER TABLE "api_keys" ADD "user_type" character varying[0m
  [1m[35mSQL (0.4ms)[0m  [1m[32mINSERT INTO "schema_migrations" ("version") VALUES ($1) RETURNING "version"[0m  [["version", "20170324082049"]]
  [1m[35m (6.6ms)[0m  [1m[35mCOMMIT[0m
Migrating to ChangeDataTypeForContact (20170324111308)
  [1m[35m (0.1ms)[0m  [1m[35mBEGIN[0m
  [1m[35m (0.4ms)[0m  [1m[35mALTER TABLE "users" DROP "contact"[0m
  [1m[35m (0.3ms)[0m  [1m[35mALTER TABLE "users" ADD "contact" character varying[0m
  [1m[35mSQL (0.2ms)[0m  [1m[32mINSERT INTO "schema_migrations" ("version") VALUES ($1) RETURNING "version"[0m  [["version", "20170324111308"]]
  [1m[35m (7.6ms)[0m  [1m[35mCOMMIT[0m
Migrating to ChangeDataTypeForAdminContact (20170324111644)
  [1m[35m (0.1ms)[0m  [1m[35mBEGIN[0m
  [1m[35m (0.4ms)[0m  [1m[35mALTER TABLE "admin_users" DROP "phone"[0m
  [1m[35m (0.6ms)[0m  [1m[35mALTER TABLE "admin_users" ADD "phone" character varying[0m
  [1m[35mSQL (0.3ms)[0m  [1m[32mINSERT INTO "schema_migrations" ("version") VALUES ($1) RETURNING "version"[0m  [["version", "20170324111644"]]
  [1m[35m (6.4ms)[0m  [1m[35mCOMMIT[0m
Migrating to CreateEmails (20170326073925)
  [1m[35m (0.1ms)[0m  [1m[35mBEGIN[0m
  [1m[35m (64.7ms)[0m  [1m[35mCREATE TABLE "emails" ("id" serial primary key, "user_id" character varying, "verify_token" character varying, "user_token" character varying, "created_at" timestamp NOT NULL, "updated_at" timestamp NOT NULL)[0m
  [1m[35mSQL (0.7ms)[0m  [1m[32mINSERT INTO "schema_migrations" ("version") VALUES ($1) RETURNING "version"[0m  [["version", "20170326073925"]]
  [1m[35m (19.2ms)[0m  [1m[35mCOMMIT[0m
Migrating to CreateAadhars (20170326080304)
  [1m[35m (0.3ms)[0m  [1m[35mBEGIN[0m
  [1m[35m (85.4ms)[0m  [1m[35mCREATE TABLE "aadhars" ("id" serial primary key, "uid" character varying, "name" character varying, "phone" character varying, "created_at" timestamp NOT NULL, "updated_at" timestamp NOT NULL)[0m
  [1m[35mSQL (0.6ms)[0m  [1m[32mINSERT INTO "schema_migrations" ("version") VALUES ($1) RETURNING "version"[0m  [["version", "20170326080304"]]
  [1m[35m (20.3ms)[0m  [1m[35mCOMMIT[0m
Migrating to ChangeColumn (20170326083027)
  [1m[35m (0.4ms)[0m  [1m[35mBEGIN[0m
  [1m[35m (0.8ms)[0m  [1m[35mALTER TABLE "aadhars" ALTER COLUMN "uid" TYPE character varying[0m
  [1m[35m (0.6ms)[0m  [1m[35mALTER TABLE "aadhars" ALTER COLUMN "phone" TYPE character varying[0m
  [1m[35mSQL (0.7ms)[0m  [1m[32mINSERT INTO "schema_migrations" ("version") VALUES ($1) RETURNING "version"[0m  [["version", "20170326083027"]]
  [1m[35m (12.8ms)[0m  [1m[35mCOMMIT[0m
Migrating to AddEmailVerifiedToUser (20170326105929)
  [1m[35m (0.3ms)[0m  [1m[35mBEGIN[0m
  [1m[35m (1.0ms)[0m  [1m[35mALTER TABLE "users" ADD "email_verified" boolean[0m
  [1m[35mSQL (0.6ms)[0m  [1m[32mINSERT INTO "schema_migrations" ("version") VALUES ($1) RETURNING "version"[0m  [["version", "20170326105929"]]
  [1m[35m (13.4ms)[0m  [1m[35mCOMMIT[0m
Migrating to CreateSmsOtps (20170326110925)
  [1m[35m (0.3ms)[0m  [1m[35mBEGIN[0m
  [1m[35m (74.5ms)[0m  [1m[35mCREATE TABLE "sms_otps" ("id" serial primary key, "user_id" character varying, "otp" character varying, "created_at" timestamp NOT NULL, "updated_at" timestamp NOT NULL)[0m
  [1m[35mSQL (0.3ms)[0m  [1m[32mINSERT INTO "schema_migrations" ("version") VALUES ($1) RETURNING "version"[0m  [["version", "20170326110925"]]
  [1m[35m (9.0ms)[0m  [1m[35mCOMMIT[0m
Migrating to AddAadharNumberToUser (20170326111556)
  [1m[35m (0.2ms)[0m  [1m[35mBEGIN[0m
  [1m[35m (0.5ms)[0m  [1m[35mALTER TABLE "users" ADD "aadhar_number" character varying[0m
  [1m[35mSQL (0.3ms)[0m  [1m[32mINSERT INTO "schema_migrations" ("version") VALUES ($1) RETURNING "version"[0m  [["version", "20170326111556"]]
  [1m[35m (7.2ms)[0m  [1m[35mCOMMIT[0m
Migrating to AddAddressToComplaint (20170328131321)
  [1m[35m (0.2ms)[0m  [1m[35mBEGIN[0m
  [1m[35m (0.5ms)[0m  [1m[35mALTER TABLE "complaints" ADD "address" character varying[0m
  [1m[35mSQL (0.3ms)[0m  [1m[32mINSERT INTO "schema_migrations" ("version") VALUES ($1) RETURNING "version"[0m  [["version", "20170328131321"]]
  [1m[35m (7.6ms)[0m  [1m[35mCOMMIT[0m
Migrating to CreateActiveComplaints (20170328131559)
  [1m[35m (0.2ms)[0m  [1m[35mBEGIN[0m
  [1m[35m (43.2ms)[0m  [1m[35mCREATE TABLE "active_complaints" ("id" serial primary key, "user_id" integer, "complaint_id" integer, "created_at" timestamp NOT NULL, "updated_at" timestamp NOT NULL)[0m
  [1m[35mSQL (0.4ms)[0m  [1m[32mINSERT INTO "schema_migrations" ("version") VALUES ($1) RETURNING "version"[0m  [["version", "20170328131559"]]
  [1m[35m (8.4ms)[0m  [1m[35mCOMMIT[0m
Migrating to AddWardToMunicipalOffice (20170328132316)
  [1m[35m (0.2ms)[0m  [1m[35mBEGIN[0m
  [1m[35m (0.4ms)[0m  [1m[35mALTER TABLE "municipal_offices" ADD "ward" character varying[0m
  [1m[35mSQL (0.3ms)[0m  [1m[32mINSERT INTO "schema_migrations" ("version") VALUES ($1) RETURNING "version"[0m  [["version", "20170328132316"]]
  [1m[35m (7.8ms)[0m  [1m[35mCOMMIT[0m
Migrating to CreateMunicipalAdmins (20170328132827)
  [1m[35m (0.2ms)[0m  [1m[35mBEGIN[0m
  [1m[35m (77.5ms)[0m  [1m[35mCREATE TABLE "municipal_admins" ("id" serial primary key, "state" character varying, "district" character varying, "created_at" timestamp NOT NULL, "updated_at" timestamp NOT NULL)[0m
  [1m[35mSQL (0.6ms)[0m  [1m[32mINSERT INTO "schema_migrations" ("version") VALUES ($1) RETURNING "version"[0m  [["version", "20170328132827"]]
  [1m[35m (17.7ms)[0m  [1m[35mCOMMIT[0m
Migrating to AddUserIdToMunicipalAdmin (20170328132940)
  [1m[35m (0.3ms)[0m  [1m[35mBEGIN[0m
  [1m[35m (0.8ms)[0m  [1m[35mALTER TABLE "municipal_admins" ADD "user_id" integer[0m
  [1m[35mSQL (0.5ms)[0m  [1m[32mINSERT INTO "schema_migrations" ("version") VALUES ($1) RETURNING "version"[0m  [["version", "20170328132940"]]
  [1m[35m (4.5ms)[0m  [1m[35mCOMMIT[0m
Migrating to AddAdminUserIdToMunicipalOffice (20170328134326)
  [1m[35m (0.2ms)[0m  [1m[35mBEGIN[0m
  [1m[35m (0.7ms)[0m  [1m[35mALTER TABLE "municipal_offices" ADD "admin_user_id" integer[0m
  [1m[35mSQL (0.5ms)[0m  [1m[32mINSERT INTO "schema_migrations" ("version") VALUES ($1) RETURNING "version"[0m  [["version", "20170328134326"]]
  [1m[35m (5.8ms)[0m  [1m[35mCOMMIT[0m
Migrating to DropMunicipalOfficesTable (20170328140539)
  [1m[35m (0.3ms)[0m  [1m[35mBEGIN[0m
  [1m[35m (2.5ms)[0m  [1m[35mDROP TABLE "municipal_offices"[0m
  [1m[35mSQL (0.5ms)[0m  [1m[32mINSERT INTO "schema_migrations" ("version") VALUES ($1) RETURNING "version"[0m  [["version", "20170328140539"]]
  [1m[35m (4.1ms)[0m  [1m[35mCOMMIT[0m
Migrating to DropMunicipalAdminsTable (20170328140828)
  [1m[35m (0.2ms)[0m  [1m[35mBEGIN[0m
  [1m[35m (1.9ms)[0m  [1m[35mDROP TABLE "municipal_admins"[0m
  [1m[35mSQL (0.6ms)[0m  [1m[32mINSERT INTO "schema_migrations" ("version") VALUES ($1) RETURNING "version"[0m  [["version", "20170328140828"]]
  [1m[35m (4.0ms)[0m  [1m[35mCOMMIT[0m
Migrating to CreateDistrictOffices (20170328141500)
  [1m[35m (0.2ms)[0m  [1m[35mBEGIN[0m
  [1m[35m (66.5ms)[0m  [1m[35mCREATE TABLE "district_offices" ("id" serial primary key, "state" character varying, "district" character varying, "created_at" timestamp NOT NULL, "updated_at" timestamp NOT NULL)[0m
  [1m[35mSQL (0.3ms)[0m  [1m[32mINSERT INTO "schema_migrations" ("version") VALUES ($1) RETURNING "version"[0m  [["version", "20170328141500"]]
  [1m[35m (17.6ms)[0m  [1m[35mCOMMIT[0m
Migrating to CreateWardOffices (20170328141555)
  [1m[35m (0.4ms)[0m  [1m[35mBEGIN[0m
  [1m[35m (76.5ms)[0m  [1m[35mCREATE TABLE "ward_offices" ("id" serial primary key, "district_office_id" integer, "ward" character varying, "created_at" timestamp NOT NULL, "updated_at" timestamp NOT NULL)[0m
  [1m[35mSQL (0.6ms)[0m  [1m[32mINSERT INTO "schema_migrations" ("version") VALUES ($1) RETURNING "version"[0m  [["version", "20170328141555"]]
  [1m[35m (14.8ms)[0m  [1m[35mCOMMIT[0m
Migrating to RemoveAccessLevelFromAdminUser (20170328141923)
  [1m[35m (0.3ms)[0m  [1m[35mBEGIN[0m
  [1m[35mSQL (0.7ms)[0m  [1m[32mINSERT INTO "schema_migrations" ("version") VALUES ($1) RETURNING "version"[0m  [["version", "20170328141923"]]
  [1m[35m (6.0ms)[0m  [1m[35mCOMMIT[0m
Migrating to RemoveMunicipalityIdFromAdminUser (20170328141948)
  [1m[35m (0.3ms)[0m  [1m[35mBEGIN[0m
  [1m[35mSQL (0.7ms)[0m  [1m[32mINSERT INTO "schema_migrations" ("version") VALUES ($1) RETURNING "version"[0m  [["version", "20170328141948"]]
  [1m[35m (5.3ms)[0m  [1m[35mCOMMIT[0m
Migrating to CreateNewComplaints (20170328153857)
  [1m[35m (0.3ms)[0m  [1m[35mBEGIN[0m
  [1m[35m (45.9ms)[0m  [1m[35mCREATE TABLE "new_complaints" ("id" serial primary key, "complaint_id" integer, "districtoffice_id" integer, "created_at" timestamp NOT NULL, "updated_at" timestamp NOT NULL)[0m
  [1m[35mSQL (0.6ms)[0m  [1m[32mINSERT INTO "schema_migrations" ("version") VALUES ($1) RETURNING "version"[0m  [["version", "20170328153857"]]
  [1m[35m (14.6ms)[0m  [1m[35mCOMMIT[0m
Migrating to CreateResolveds (20170328154412)
  [1m[35m (0.3ms)[0m  [1m[35mBEGIN[0m
  [1m[35m (35.0ms)[0m  [1m[35mCREATE TABLE "resolveds" ("id" serial primary key, "complaint_id" integer, "districtoffice_id" integer, "wardoffice_id" integer, "created_at" timestamp NOT NULL, "updated_at" timestamp NOT NULL)[0m
  [1m[35mSQL (0.3ms)[0m  [1m[32mINSERT INTO "schema_migrations" ("version") VALUES ($1) RETURNING "version"[0m  [["version", "20170328154412"]]
  [1m[35m (15.6ms)[0m  [1m[35mCOMMIT[0m
Migrating to AddDesignationToAdminUsers (20170328154855)
  [1m[35m (0.2ms)[0m  [1m[35mBEGIN[0m
  [1m[35m (0.5ms)[0m  [1m[35mALTER TABLE "admin_users" ADD "designation" character varying[0m
  [1m[35mSQL (0.5ms)[0m  [1m[32mINSERT INTO "schema_migrations" ("version") VALUES ($1) RETURNING "version"[0m  [["version", "20170328154855"]]
  [1m[35m (6.4ms)[0m  [1m[35mCOMMIT[0m
Migrating to AddMunicipalIdToAdminUsers (20170328155038)
  [1m[35m (0.2ms)[0m  [1m[35mBEGIN[0m
  [1m[35m (0.5ms)[0m  [1m[35mALTER TABLE "admin_users" ADD "municipal_id" character varying[0m
  [1m[35mSQL (0.4ms)[0m  [1m[32mINSERT INTO "schema_migrations" ("version") VALUES ($1) RETURNING "version"[0m  [["version", "20170328155038"]]
  [1m[35m (7.3ms)[0m  [1m[35mCOMMIT[0m
Migrating to RemoveMunicipalityIdFromAdminUser1 (20170328162420)
  [1m[35m (0.2ms)[0m  [1m[35mBEGIN[0m
  [1m[35m (0.6ms)[0m  [1m[35mALTER TABLE "admin_users" DROP "municipality_id"[0m
  [1m[35mSQL (0.4ms)[0m  [1m[32mINSERT INTO "schema_migrations" ("version") VALUES ($1) RETURNING "version"[0m  [["version", "20170328162420"]]
  [1m[35m (13.1ms)[0m  [1m[35mCOMMIT[0m
Migrating to RemoveAccessLevelFromAdminUser1 (20170328162427)
  [1m[35m (0.2ms)[0m  [1m[35mBEGIN[0m
  [1m[35m (0.5ms)[0m  [1m[35mALTER TABLE "admin_users" DROP "access_level"[0m
  [1m[35mSQL (0.4ms)[0m  [1m[32mINSERT INTO "schema_migrations" ("version") VALUES ($1) RETURNING "version"[0m  [["version", "20170328162427"]]
  [1m[35m (7.4ms)[0m  [1m[35mCOMMIT[0m
Migrating to RenameCityToDistrictInComplaint (20170328162635)
  [1m[35m (0.2ms)[0m  [1m[35mBEGIN[0m
  [1m[35m (0.3ms)[0m  [1m[35mALTER TABLE "complaints" RENAME COLUMN "city" TO "district"[0m
  [1m[35mSQL (0.3ms)[0m  [1m[32mINSERT INTO "schema_migrations" ("version") VALUES ($1) RETURNING "version"[0m  [["version", "20170328162635"]]
  [1m[35m (4.4ms)[0m  [1m[35mCOMMIT[0m
Migrating to ChangeTableName (20170328163340)
  [1m[35m (0.2ms)[0m  [1m[35mBEGIN[0m
  [1m[35m (0.7ms)[0m  [1m[35mALTER TABLE "resolveds" RENAME TO "resolvedcomplaints"[0m
  [1m[35m (0.3ms)[0m  [1m[35mALTER TABLE "public"."resolveds_id_seq" RENAME TO "resolvedcomplaints_id_seq"[0m
  [1m[35m (0.4ms)[0m  [1m[35mALTER INDEX "resolveds_pkey" RENAME TO "resolvedcomplaints_pkey"[0m
  [1m[35mSQL (0.4ms)[0m  [1m[32mINSERT INTO "schema_migrations" ("version") VALUES ($1) RETURNING "version"[0m  [["version", "20170328163340"]]
  [1m[35m (11.6ms)[0m  [1m[35mCOMMIT[0m
Migrating to RenameActiveComplaint (20170328163919)
  [1m[35m (0.2ms)[0m  [1m[35mBEGIN[0m
  [1m[35m (0.5ms)[0m  [1m[35mALTER TABLE "active_complaints" RENAME COLUMN "user_id" TO "ward_office_id"[0m
  [1m[35mSQL (0.4ms)[0m  [1m[32mINSERT INTO "schema_migrations" ("version") VALUES ($1) RETURNING "version"[0m  [["version", "20170328163919"]]
  [1m[35m (4.5ms)[0m  [1m[35mCOMMIT[0m
Migrating to AddingDistrictOfficeId (20170328164444)
  [1m[35m (0.2ms)[0m  [1m[35mBEGIN[0m
  [1m[35m (0.3ms)[0m  [1m[35mALTER TABLE "active_complaints" ADD "district_office_id" integer[0m
  [1m[35mSQL (0.3ms)[0m  [1m[32mINSERT INTO "schema_migrations" ("version") VALUES ($1) RETURNING "version"[0m  [["version", "20170328164444"]]
  [1m[35m (7.9ms)[0m  [1m[35mCOMMIT[0m
Migrating to CreatePasswordResetLinks (20170328172443)
  [1m[35m (0.3ms)[0m  [1m[35mBEGIN[0m
  [1m[35m (81.0ms)[0m  [1m[35mCREATE TABLE "password_reset_links" ("id" serial primary key, "user_id" integer, "access_token" character varying, "secret_key" character varying, "created_at" timestamp NOT NULL, "updated_at" timestamp NOT NULL)[0m
  [1m[35mSQL (0.6ms)[0m  [1m[32mINSERT INTO "schema_migrations" ("version") VALUES ($1) RETURNING "version"[0m  [["version", "20170328172443"]]
  [1m[35m (14.0ms)[0m  [1m[35mCOMMIT[0m
Migrating to ChangeAssignedToToStringInComplaintUpdates (20170328173740)
  [1m[35m (0.3ms)[0m  [1m[35mBEGIN[0m
  [1m[35m (221.4ms)[0m  [1m[35mALTER TABLE "complaint_updates" ALTER COLUMN "assigned_to" TYPE character varying[0m
  [1m[35mSQL (0.7ms)[0m  [1m[32mINSERT INTO "schema_migrations" ("version") VALUES ($1) RETURNING "version"[0m  [["version", "20170328173740"]]
  [1m[35m (29.1ms)[0m  [1m[35mCOMMIT[0m
Migrating to CorrectDistrictOfficeNameInNewComplaints (20170328181545)
  [1m[35m (0.6ms)[0m  [1m[35mBEGIN[0m
  [1m[35m (0.6ms)[0m  [1m[35mALTER TABLE "new_complaints" RENAME COLUMN "districtoffice_id" TO "district_office_id"[0m
  [1m[35mSQL (0.6ms)[0m  [1m[32mINSERT INTO "schema_migrations" ("version") VALUES ($1) RETURNING "version"[0m  [["version", "20170328181545"]]
  [1m[35m (20.5ms)[0m  [1m[35mCOMMIT[0m
Migrating to CreateComplaintFeedbacks (20170328195212)
  [1m[35m (0.3ms)[0m  [1m[35mBEGIN[0m
  [1m[35m (74.9ms)[0m  [1m[35mCREATE TABLE "complaint_feedbacks" ("id" serial primary key, "complaint_id" integer, "feedback" text, "created_at" timestamp NOT NULL, "updated_at" timestamp NOT NULL)[0m
  [1m[35mSQL (0.7ms)[0m  [1m[32mINSERT INTO "schema_migrations" ("version") VALUES ($1) RETURNING "version"[0m  [["version", "20170328195212"]]
  [1m[35m (18.1ms)[0m  [1m[35mCOMMIT[0m
Migrating to DeleteActiveNewAndResolvedComplaints (20170330142422)
  [1m[35m (0.4ms)[0m  [1m[35mBEGIN[0m
  [1m[35m (2.3ms)[0m  [1m[35mDROP TABLE "resolvedcomplaints"[0m
  [1m[35m (2.3ms)[0m  [1m[35mDROP TABLE "active_complaints"[0m
  [1m[35m (1.7ms)[0m  [1m[35mDROP TABLE "new_complaints"[0m
  [1m[35mSQL (0.8ms)[0m  [1m[32mINSERT INTO "schema_migrations" ("version") VALUES ($1) RETURNING "version"[0m  [["version", "20170330142422"]]
  [1m[35m (9.6ms)[0m  [1m[35mCOMMIT[0m
Migrating to CreateTableComplaintStatus (20170330142750)
  [1m[35m (0.3ms)[0m  [1m[35mBEGIN[0m
  [1m[35m (39.9ms)[0m  [1m[35mCREATE TABLE "table_complaint_statuses" ("id" serial primary key, "district_office_id" integer, "ward_office_id" integer, "complaint_id" integer)[0m
  [1m[35mSQL (0.4ms)[0m  [1m[32mINSERT INTO "schema_migrations" ("version") VALUES ($1) RETURNING "version"[0m  [["version", "20170330142750"]]
  [1m[35m (19.0ms)[0m  [1m[35mCOMMIT[0m
Migrating to AddStatusToComplaintStatuses (20170330180022)
  [1m[35m (0.2ms)[0m  [1m[35mBEGIN[0m
  [1m[35m (0.5ms)[0m  [1m[35mALTER TABLE "table_complaint_statuses" RENAME TO "complaint_statuses"[0m
  [1m[35m (0.7ms)[0m  [1m[35mALTER TABLE "public"."table_complaint_statuses_id_seq" RENAME TO "complaint_statuses_id_seq"[0m
  [1m[35m (0.3ms)[0m  [1m[35mALTER INDEX "table_complaint_statuses_pkey" RENAME TO "complaint_statuses_pkey"[0m
  [1m[35m (37.7ms)[0m  [1m[35mALTER TABLE "complaint_statuses" ADD "status" character varying[0m
  [1m[35mSQL (0.7ms)[0m  [1m[32mINSERT INTO "schema_migrations" ("version") VALUES ($1) RETURNING "version"[0m  [["version", "20170330180022"]]
  [1m[35m (17.4ms)[0m  [1m[35mCOMMIT[0m
Migrating to DropTableCompllaintStatus (20170401035618)
  [1m[35m (0.3ms)[0m  [1m[35mBEGIN[0m
  [1m[35m (2.7ms)[0m  [1m[35mDROP TABLE "complaint_statuses"[0m
  [1m[35mSQL (0.7ms)[0m  [1m[32mINSERT INTO "schema_migrations" ("version") VALUES ($1) RETURNING "version"[0m  [["version", "20170401035618"]]
  [1m[35m (13.8ms)[0m  [1m[35mCOMMIT[0m
Migrating to CreateComplaintStatuses (20170401040102)
  [1m[35m (0.2ms)[0m  [1m[35mBEGIN[0m
  [1m[35m (66.3ms)[0m  [1m[35mCREATE TABLE "complaint_statuses" ("id" serial primary key, "admin_user_id" character varying, "district_office_id" character varying, "ward_office_id" character varying, "status" character varying, "priority" character varying, "created_at" timestamp NOT NULL, "updated_at" timestamp NOT NULL)[0m
  [1m[35mSQL (0.7ms)[0m  [1m[32mINSERT INTO "schema_migrations" ("version") VALUES ($1) RETURNING "version"[0m  [["version", "20170401040102"]]
  [1m[35m (16.2ms)[0m  [1m[35mCOMMIT[0m
Migrating to CreateSlas (20170401080620)
  [1m[35m (0.4ms)[0m  [1m[35mBEGIN[0m
  [1m[35m (77.2ms)[0m  [1m[35mCREATE TABLE "slas" ("id" serial primary key, "category" character varying, "time" integer, "created_at" timestamp NOT NULL, "updated_at" timestamp NOT NULL)[0m
  [1m[35mSQL (0.3ms)[0m  [1m[32mINSERT INTO "schema_migrations" ("version") VALUES ($1) RETURNING "version"[0m  [["version", "20170401080620"]]
  [1m[35m (17.1ms)[0m  [1m[35mCOMMIT[0m
Migrating to CreateAlerts (20170401080729)
  [1m[35m (0.2ms)[0m  [1m[35mBEGIN[0m
  [1m[35m (80.6ms)[0m  [1m[35mCREATE TABLE "alerts" ("id" serial primary key, "complaint_id" integer, "admin_user_id" integer, "message" text, "created_at" timestamp NOT NULL, "updated_at" timestamp NOT NULL)[0m
  [1m[35mSQL (0.8ms)[0m  [1m[32mINSERT INTO "schema_migrations" ("version") VALUES ($1) RETURNING "version"[0m  [["version", "20170401080729"]]
  [1m[35m (14.1ms)[0m  [1m[35mCOMMIT[0m
Migrating to AddColumnToAdminUsersDepartment (20170401080818)
  [1m[35m (0.4ms)[0m  [1m[35mBEGIN[0m
  [1m[35m (0.9ms)[0m  [1m[35mALTER TABLE "admin_users" ADD "department" character varying[0m
  [1m[35mSQL (0.7ms)[0m  [1m[32mINSERT INTO "schema_migrations" ("version") VALUES ($1) RETURNING "version"[0m  [["version", "20170401080818"]]
  [1m[35m (3.6ms)[0m  [1m[35mCOMMIT[0m
Migrating to AddDepartmentToComplaintStatuses (20170401085114)
  [1m[35m (0.3ms)[0m  [1m[35mBEGIN[0m
  [1m[35m (0.8ms)[0m  [1m[35mALTER TABLE "complaint_statuses" ADD "department" character varying[0m
  [1m[35mSQL (0.7ms)[0m  [1m[32mINSERT INTO "schema_migrations" ("version") VALUES ($1) RETURNING "version"[0m  [["version", "20170401085114"]]
  [1m[35m (3.9ms)[0m  [1m[35mCOMMIT[0m
Migrating to AddColumnCategoryToComplaintStatus (20170401111127)
  [1m[35m (0.3ms)[0m  [1m[35mBEGIN[0m
  [1m[35m (0.9ms)[0m  [1m[35mALTER TABLE "complaint_statuses" ADD "category" character varying[0m
  [1m[35mSQL (0.6ms)[0m  [1m[32mINSERT INTO "schema_migrations" ("version") VALUES ($1) RETURNING "version"[0m  [["version", "20170401111127"]]
  [1m[35m (14.0ms)[0m  [1m[35mCOMMIT[0m
Migrating to CreateNotifications (20170401111242)
  [1m[35m (0.4ms)[0m  [1m[35mBEGIN[0m
  [1m[35m (67.1ms)[0m  [1m[35mCREATE TABLE "notifications" ("id" serial primary key, "user_id" integer, "description" text, "created_at" timestamp NOT NULL, "updated_at" timestamp NOT NULL)[0m
  [1m[35mSQL (0.4ms)[0m  [1m[32mINSERT INTO "schema_migrations" ("version") VALUES ($1) RETURNING "version"[0m  [["version", "20170401111242"]]
  [1m[35m (15.3ms)[0m  [1m[35mCOMMIT[0m
Migrating to AddAadharNumberToSmsOtps (20170401160553)
  [1m[35m (0.2ms)[0m  [1m[35mBEGIN[0m
  [1m[35m (0.5ms)[0m  [1m[35mALTER TABLE "sms_otps" ADD "aadhar_number" character varying[0m
  [1m[35mSQL (0.3ms)[0m  [1m[32mINSERT INTO "schema_migrations" ("version") VALUES ($1) RETURNING "version"[0m  [["version", "20170401160553"]]
  [1m[35m (7.5ms)[0m  [1m[35mCOMMIT[0m
Migrating to AddContactToSmsOtps (20170401160709)
  [1m[35m (0.2ms)[0m  [1m[35mBEGIN[0m
  [1m[35m (0.5ms)[0m  [1m[35mALTER TABLE "sms_otps" ADD "contact" character varying[0m
  [1m[35mSQL (0.3ms)[0m  [1m[32mINSERT INTO "schema_migrations" ("version") VALUES ($1) RETURNING "version"[0m  [["version", "20170401160709"]]
  [1m[35m (6.9ms)[0m  [1m[35mCOMMIT[0m
Migrating to AddAttemptsLeftToSmsOtps (20170401160847)
  [1m[35m (0.1ms)[0m  [1m[35mBEGIN[0m
  [1m[35m (0.4ms)[0m  [1m[35mALTER TABLE "sms_otps" ADD "attempts_left" integer[0m
  [1m[35mSQL (0.3ms)[0m  [1m[32mINSERT INTO "schema_migrations" ("version") VALUES ($1) RETURNING "version"[0m  [["version", "20170401160847"]]
  [1m[35m (7.7ms)[0m  [1m[35mCOMMIT[0m
Migrating to AddColumnSubcategoryToSlas (20170401161208)
  [1m[35m (0.2ms)[0m  [1m[35mBEGIN[0m
  [1m[35m (0.5ms)[0m  [1m[35mALTER TABLE "slas" ADD "subcategory" character varying[0m
  [1m[35mSQL (0.3ms)[0m  [1m[32mINSERT INTO "schema_migrations" ("version") VALUES ($1) RETURNING "version"[0m  [["version", "20170401161208"]]
  [1m[35m (7.0ms)[0m  [1m[35mCOMMIT[0m
Migrating to RemoveColumnPriorityFromComplaints (20170401175434)
  [1m[35m (0.2ms)[0m  [1m[35mBEGIN[0m
  [1m[35m (0.6ms)[0m  [1m[35mALTER TABLE "complaints" DROP "priority"[0m
  [1m[35mSQL (0.4ms)[0m  [1m[32mINSERT INTO "schema_migrations" ("version") VALUES ($1) RETURNING "version"[0m  [["version", "20170401175434"]]
  [1m[35m (7.3ms)[0m  [1m[35mCOMMIT[0m
Migrating to RemoveColumnStatusFromComplaints (20170401175720)
  [1m[35m (0.2ms)[0m  [1m[35mBEGIN[0m
  [1m[35m (0.5ms)[0m  [1m[35mALTER TABLE "complaints" DROP "status"[0m
  [1m[35mSQL (0.5ms)[0m  [1m[32mINSERT INTO "schema_migrations" ("version") VALUES ($1) RETURNING "version"[0m  [["version", "20170401175720"]]
  [1m[35m (6.8ms)[0m  [1m[35mCOMMIT[0m
Migrating to AddColumnSubcategoryToComplaint (20170401183030)
  [1m[35m (0.1ms)[0m  [1m[35mBEGIN[0m
  [1m[35m (0.5ms)[0m  [1m[35mALTER TABLE "complaints" ADD "subcategory" character varying[0m
  [1m[35mSQL (0.3ms)[0m  [1m[32mINSERT INTO "schema_migrations" ("version") VALUES ($1) RETURNING "version"[0m  [["version", "20170401183030"]]
  [1m[35m (7.5ms)[0m  [1m[35mCOMMIT[0m
Migrating to AddColumnSubcategoryToComplaintStatus (20170401183542)
  [1m[35m (0.2ms)[0m  [1m[35mBEGIN[0m
  [1m[35m (0.5ms)[0m  [1m[35mALTER TABLE "complaint_statuses" RENAME COLUMN "category" TO "sub_category"[0m
  [1m[35mSQL (0.4ms)[0m  [1m[32mINSERT INTO "schema_migrations" ("version") VALUES ($1) RETURNING "version"[0m  [["version", "20170401183542"]]
  [1m[35m (5.0ms)[0m  [1m[35mCOMMIT[0m
Migrating to RemovePriorityFromComplaintStatuses (20170401184939)
  [1m[35m (0.2ms)[0m  [1m[35mBEGIN[0m
  [1m[35m (0.4ms)[0m  [1m[35mALTER TABLE "complaint_statuses" DROP "priority"[0m
  [1m[35mSQL (0.3ms)[0m  [1m[32mINSERT INTO "schema_migrations" ("version") VALUES ($1) RETURNING "version"[0m  [["version", "20170401184939"]]
  [1m[35m (7.9ms)[0m  [1m[35mCOMMIT[0m
Migrating to RenameSubcategoryToSubCategory (20170401202216)
  [1m[35m (0.1ms)[0m  [1m[35mBEGIN[0m
  [1m[35m (0.3ms)[0m  [1m[35mALTER TABLE "complaints" RENAME COLUMN "subcategory" TO "sub_category"[0m
  [1m[35mSQL (0.4ms)[0m  [1m[32mINSERT INTO "schema_migrations" ("version") VALUES ($1) RETURNING "version"[0m  [["version", "20170401202216"]]
  [1m[35m (5.4ms)[0m  [1m[35mCOMMIT[0m
Migrating to AddComplaintIdToComplaintStatuses (20170401215247)
  [1m[35m (0.1ms)[0m  [1m[35mBEGIN[0m
  [1m[35m (0.5ms)[0m  [1m[35mALTER TABLE "complaint_statuses" ADD "complaint_id" integer[0m
  [1m[35mSQL (0.3ms)[0m  [1m[32mINSERT INTO "schema_migrations" ("version") VALUES ($1) RETURNING "version"[0m  [["version", "20170401215247"]]
  [1m[35m (7.4ms)[0m  [1m[35mCOMMIT[0m
  [1m[36mActiveRecord::InternalMetadata Load (0.6ms)[0m  [1m[34mSELECT  "ar_internal_metadata".* FROM "ar_internal_metadata" WHERE "ar_internal_metadata"."key" = $1 LIMIT $2[0m  [["key", :environment], ["LIMIT", 1]]
  [1m[35m (0.1ms)[0m  [1m[35mBEGIN[0m
  [1m[35mSQL (0.4ms)[0m  [1m[32mINSERT INTO "ar_internal_metadata" ("key", "value", "created_at", "updated_at") VALUES ($1, $2, $3, $4) RETURNING "key"[0m  [["key", "environment"], ["value", "development"], ["created_at", 2018-04-09 17:23:41 UTC], ["updated_at", 2018-04-09 17:23:41 UTC]]
  [1m[35m (7.5ms)[0m  [1m[35mCOMMIT[0m
  [1m[35m (0.4ms)[0m  [1m[34mSELECT pg_advisory_unlock(172529728443564555)[0m
  [1m[36mActiveRecord::SchemaMigration Load (0.2ms)[0m  [1m[34mSELECT "schema_migrations".* FROM "schema_migrations"[0m
